  Application.cpp
C:\dev\git\HamsterWheel\HamsterWheel\HamsterWheelEngine\include\Material.h(15,41): warning C4100: 'texture': unreferenced formal parameter
C:\dev\git\HamsterWheel\HamsterWheel\HamsterWheelEngine\include\Material.h(15,27): warning C4100: 'shader': unreferenced formal parameter
  GameObject.cpp
  Material.cpp
C:\dev\git\HamsterWheel\HamsterWheel\HamsterWheelEngine\include\Material.h(15,41): warning C4100: 'texture': unreferenced formal parameter
C:\dev\git\HamsterWheel\HamsterWheel\HamsterWheelEngine\include\Material.h(15,27): warning C4100: 'shader': unreferenced formal parameter
  Renderer.cpp
C:\dev\git\HamsterWheel\HamsterWheel\HamsterWheelEngine\include\Material.h(15,41): warning C4100: 'texture': unreferenced formal parameter
C:\dev\git\HamsterWheel\HamsterWheel\HamsterWheelEngine\include\Material.h(15,27): warning C4100: 'shader': unreferenced formal parameter
C:\dev\git\HamsterWheel\HamsterWheel\HamsterWheelEngine\src\Renderer.cpp(6,133): warning C4100: 'userParam': unreferenced formal parameter
C:\dev\git\HamsterWheel\HamsterWheel\HamsterWheelEngine\src\Renderer.cpp(6,90): warning C4100: 'length': unreferenced formal parameter
C:\dev\git\HamsterWheel\HamsterWheel\HamsterWheelEngine\src\Renderer.cpp(6,61): warning C4100: 'id': unreferenced formal parameter
C:\dev\git\HamsterWheel\HamsterWheel\HamsterWheelEngine\src\Renderer.cpp(6,48): warning C4100: 'type': unreferenced formal parameter
C:\dev\git\HamsterWheel\HamsterWheel\HamsterWheelEngine\src\Renderer.cpp(6,33): warning C4100: 'source': unreferenced formal parameter
  RenderObject.cpp
C:\dev\git\HamsterWheel\HamsterWheel\HamsterWheelEngine\include\Material.h(15,41): warning C4100: 'texture': unreferenced formal parameter
C:\dev\git\HamsterWheel\HamsterWheel\HamsterWheelEngine\include\Material.h(15,27): warning C4100: 'shader': unreferenced formal parameter
C:\dev\git\HamsterWheel\HamsterWheel\HamsterWheelEngine\src\RenderObject.cpp(39,107): warning C4244: 'argument': conversion from 'int' to 'GLboolean', possible loss of data
  ShaderProgram.cpp
C:\dev\git\HamsterWheel\HamsterWheel\HamsterWheelEngine\src\ShaderProgram.cpp(55,12): warning C4245: 'return': conversion from 'int' to 'unsigned int', signed/unsigned mismatch
  Generating Code...
  HamsterWheelEngine.vcxproj -> C:\dev\git\HamsterWheel\HamsterWheel\HamsterWheelEngine\Debug\HamsterWheelEngine.lib
